app/composeApp/build/intermediates/manifest_merge_blame_file/debug/processDebugMainManifest/manifest-merger-blame-debug-report.txt
1<?xml version="1.0" encoding="utf-8"?>
2<manifest xmlns:android="http://schemas.android.com/apk/res/android"
3    package="com.fifthsense.audiostream"
4    android:versionCode="1"
5    android:versionName="1.0.0" >
6
7    <uses-sdk
8        android:minSdkVersion="29"
9        android:targetSdkVersion="34" />
10
11    <!-- Bluetooth Permissions -->
12    <uses-permission
12-->src\androidMain\AndroidManifest.xml:6:5-95
13        android:name="android.permission.BLUETOOTH"
13-->src\androidMain\AndroidManifest.xml:6:22-65
14        android:maxSdkVersion="30" />
14-->src\androidMain\AndroidManifest.xml:6:66-92
15    <uses-permission
15-->src\androidMain\AndroidManifest.xml:7:5-101
16        android:name="android.permission.BLUETOOTH_ADMIN"
16-->src\androidMain\AndroidManifest.xml:7:22-71
17        android:maxSdkVersion="30" />
17-->src\androidMain\AndroidManifest.xml:7:72-98
18    <uses-permission
18-->src\androidMain\AndroidManifest.xml:8:5-10:31
19        android:name="android.permission.BLUETOOTH_SCAN"
19-->src\androidMain\AndroidManifest.xml:8:22-70
20        android:usesPermissionFlags="neverForLocation" />
20-->src\androidMain\AndroidManifest.xml:9:9-55
21    <uses-permission android:name="android.permission.BLUETOOTH_CONNECT" />
21-->src\androidMain\AndroidManifest.xml:11:5-96
21-->src\androidMain\AndroidManifest.xml:11:22-73
22    <uses-permission
22-->src\androidMain\AndroidManifest.xml:12:5-106
23        android:name="android.permission.ACCESS_FINE_LOCATION"
23-->src\androidMain\AndroidManifest.xml:12:22-76
24        android:maxSdkVersion="30" />
24-->src\androidMain\AndroidManifest.xml:12:77-103
25
26    <!-- Audio & System Capture Permissions -->
27    <uses-permission android:name="android.permission.RECORD_AUDIO" />
27-->src\androidMain\AndroidManifest.xml:15:5-71
27-->src\androidMain\AndroidManifest.xml:15:22-68
28    <uses-permission android:name="android.permission.FOREGROUND_SERVICE" />
28-->src\androidMain\AndroidManifest.xml:16:5-77
28-->src\androidMain\AndroidManifest.xml:16:22-74
29    <uses-permission android:name="android.permission.FOREGROUND_SERVICE_MEDIA_PROJECTION" />
29-->src\androidMain\AndroidManifest.xml:17:5-114
29-->src\androidMain\AndroidManifest.xml:17:22-91
30    <uses-permission android:name="android.permission.POST_NOTIFICATIONS" />
30-->src\androidMain\AndroidManifest.xml:18:5-104
30-->src\androidMain\AndroidManifest.xml:18:22-74
31
32    <!-- Storage Permissions for Local File Streaming -->
33    <uses-permission
33-->src\androidMain\AndroidManifest.xml:21:5-107
34        android:name="android.permission.READ_EXTERNAL_STORAGE"
34-->src\androidMain\AndroidManifest.xml:21:22-77
35        android:maxSdkVersion="32" />
35-->src\androidMain\AndroidManifest.xml:21:78-104
36    <uses-permission android:name="android.permission.READ_MEDIA_AUDIO" />
36-->src\androidMain\AndroidManifest.xml:22:5-102
36-->src\androidMain\AndroidManifest.xml:22:22-72
37
38    <permission
38-->[androidx.core:core:1.13.0] AndroidManifest.xml:22:5-24:47
39        android:name="com.fifthsense.audiostream.DYNAMIC_RECEIVER_NOT_EXPORTED_PERMISSION"
39-->[androidx.core:core:1.13.0] AndroidManifest.xml:23:9-81
40        android:protectionLevel="signature" />
40-->[androidx.core:core:1.13.0] AndroidManifest.xml:24:9-44
41
42    <uses-permission android:name="com.fifthsense.audiostream.DYNAMIC_RECEIVER_NOT_EXPORTED_PERMISSION" />
42-->[androidx.core:core:1.13.0] AndroidManifest.xml:26:5-97
42-->[androidx.core:core:1.13.0] AndroidManifest.xml:26:22-94
43
44    <application
44-->src\androidMain\AndroidManifest.xml:24:5-51:19
45        android:name="com.fifthsense.audiostream.AndroidApp"
45-->src\androidMain\AndroidManifest.xml:25:9-35
46        android:allowBackup="true"
46-->src\androidMain\AndroidManifest.xml:26:9-35
47        android:appComponentFactory="androidx.core.app.CoreComponentFactory"
47-->[androidx.core:core:1.13.0] AndroidManifest.xml:28:18-86
48        android:debuggable="true"
49        android:extractNativeLibs="false"
50        android:icon="@android:drawable/ic_lock_silent_mode_off"
50-->src\androidMain\AndroidManifest.xml:27:9-65
51        android:label="5th Sense Audio"
51-->src\androidMain\AndroidManifest.xml:28:9-40
52        android:roundIcon="@android:drawable/ic_lock_silent_mode_off"
52-->src\androidMain\AndroidManifest.xml:29:9-70
53        android:supportsRtl="true"
53-->src\androidMain\AndroidManifest.xml:30:9-35
54        android:theme="@android:style/Theme.Material.NoActionBar" >
54-->src\androidMain\AndroidManifest.xml:31:9-66
55        <activity
55-->src\androidMain\AndroidManifest.xml:33:9-42:20
56            android:name="com.fifthsense.audiostream.MainActivity"
56-->src\androidMain\AndroidManifest.xml:34:13-41
57            android:configChanges="orientation|screenSize|screenLayout|keyboardHidden"
57-->src\androidMain\AndroidManifest.xml:36:13-87
58            android:exported="true"
58-->src\androidMain\AndroidManifest.xml:35:13-36
59            android:launchMode="singleTop" >
59-->src\androidMain\AndroidManifest.xml:37:13-43
60            <intent-filter>
60-->src\androidMain\AndroidManifest.xml:38:13-41:29
61                <action android:name="android.intent.action.MAIN" />
61-->src\androidMain\AndroidManifest.xml:39:17-69
61-->src\androidMain\AndroidManifest.xml:39:25-66
62
63                <category android:name="android.intent.category.LAUNCHER" />
63-->src\androidMain\AndroidManifest.xml:40:17-77
63-->src\androidMain\AndroidManifest.xml:40:27-74
64            </intent-filter>
65        </activity>
66
67        <!-- Foreground Service for System Audio (Spotify/Music) Capture -->
68        <service
68-->src\androidMain\AndroidManifest.xml:45:9-49:63
69            android:name="com.fifthsense.audiostream.audio.SystemAudioCaptureService"
69-->src\androidMain\AndroidManifest.xml:46:13-60
70            android:enabled="true"
70-->src\androidMain\AndroidManifest.xml:47:13-35
71            android:exported="false"
71-->src\androidMain\AndroidManifest.xml:48:13-37
72            android:foregroundServiceType="mediaProjection" />
72-->src\androidMain\AndroidManifest.xml:49:13-60
73
74        <provider
74-->[androidx.emoji2:emoji2:1.3.0] AndroidManifest.xml:24:9-32:20
75            android:name="androidx.startup.InitializationProvider"
75-->[androidx.emoji2:emoji2:1.3.0] AndroidManifest.xml:25:13-67
76            android:authorities="com.fifthsense.audiostream.androidx-startup"
76-->[androidx.emoji2:emoji2:1.3.0] AndroidManifest.xml:26:13-68
77            android:exported="false" >
77-->[androidx.emoji2:emoji2:1.3.0] AndroidManifest.xml:27:13-37
78            <meta-data
78-->[androidx.emoji2:emoji2:1.3.0] AndroidManifest.xml:29:13-31:52
79                android:name="androidx.emoji2.text.EmojiCompatInitializer"
79-->[androidx.emoji2:emoji2:1.3.0] AndroidManifest.xml:30:17-75
80                android:value="androidx.startup" />
80-->[androidx.emoji2:emoji2:1.3.0] AndroidManifest.xml:31:17-49
81            <meta-data
81-->[androidx.lifecycle:lifecycle-process:2.8.4] AndroidManifest.xml:29:13-31:52
82                android:name="androidx.lifecycle.ProcessLifecycleInitializer"
82-->[androidx.lifecycle:lifecycle-process:2.8.4] AndroidManifest.xml:30:17-78
83                android:value="androidx.startup" />
83-->[androidx.lifecycle:lifecycle-process:2.8.4] AndroidManifest.xml:31:17-49
84            <meta-data
84-->[androidx.profileinstaller:profileinstaller:1.3.1] AndroidManifest.xml:29:13-31:52
85                android:name="androidx.profileinstaller.ProfileInstallerInitializer"
85-->[androidx.profileinstaller:profileinstaller:1.3.1] AndroidManifest.xml:30:17-85
86                android:value="androidx.startup" />
86-->[androidx.profileinstaller:profileinstaller:1.3.1] AndroidManifest.xml:31:17-49
87        </provider>
88
89        <receiver
89-->[androidx.profileinstaller:profileinstaller:1.3.1] AndroidManifest.xml:34:9-52:20
90            android:name="androidx.profileinstaller.ProfileInstallReceiver"
90-->[androidx.profileinstaller:profileinstaller:1.3.1] AndroidManifest.xml:35:13-76
91            android:directBootAware="false"
91-->[androidx.profileinstaller:profileinstaller:1.3.1] AndroidManifest.xml:36:13-44
92            android:enabled="true"
92-->[androidx.profileinstaller:profileinstaller:1.3.1] AndroidManifest.xml:37:13-35
93            android:exported="true"
93-->[androidx.profileinstaller:profileinstaller:1.3.1] AndroidManifest.xml:38:13-36
94            android:permission="android.permission.DUMP" >
94-->[androidx.profileinstaller:profileinstaller:1.3.1] AndroidManifest.xml:39:13-57
95            <intent-filter>
95-->[androidx.profileinstaller:profileinstaller:1.3.1] AndroidManifest.xml:40:13-42:29
96                <action android:name="androidx.profileinstaller.action.INSTALL_PROFILE" />
96-->[androidx.profileinstaller:profileinstaller:1.3.1] AndroidManifest.xml:41:17-91
96-->[androidx.profileinstaller:profileinstaller:1.3.1] AndroidManifest.xml:41:25-88
97            </intent-filter>
98            <intent-filter>
98-->[androidx.profileinstaller:profileinstaller:1.3.1] AndroidManifest.xml:43:13-45:29
99                <action android:name="androidx.profileinstaller.action.SKIP_FILE" />
99-->[androidx.profileinstaller:profileinstaller:1.3.1] AndroidManifest.xml:44:17-85
99-->[androidx.profileinstaller:profileinstaller:1.3.1] AndroidManifest.xml:44:25-82
100            </intent-filter>
101            <intent-filter>
101-->[androidx.profileinstaller:profileinstaller:1.3.1] AndroidManifest.xml:46:13-48:29
102                <action android:name="androidx.profileinstaller.action.SAVE_PROFILE" />
102-->[androidx.profileinstaller:profileinstaller:1.3.1] AndroidManifest.xml:47:17-88
102-->[androidx.profileinstaller:profileinstaller:1.3.1] AndroidManifest.xml:47:25-85
103            </intent-filter>
104            <intent-filter>
104-->[androidx.profileinstaller:profileinstaller:1.3.1] AndroidManifest.xml:49:13-51:29
105                <action android:name="androidx.profileinstaller.action.BENCHMARK_OPERATION" />
105-->[androidx.profileinstaller:profileinstaller:1.3.1] AndroidManifest.xml:50:17-95
105-->[androidx.profileinstaller:profileinstaller:1.3.1] AndroidManifest.xml:50:25-92
106            </intent-filter>
107        </receiver>
108    </application>
109
110</manifest>